AndroidAPP/SmartAnimal/app/build/intermediates/manifest_merge_blame_file/debug/manifest-merger-blame-debug-report.txt
1<?xml version="1.0" encoding="utf-8"?>
2<manifest xmlns:android="http://schemas.android.com/apk/res/android"
3    package="com.example.smartanimal"
4    android:versionCode="1"
5    android:versionName="1.0" >
6
7    <uses-sdk
8        android:minSdkVersion="21"
8-->src/main/AndroidManifest.xml
9        android:targetSdkVersion="30" />
9-->src/main/AndroidManifest.xml
10
11    <uses-permission android:name="android.permission.INTERNET" />
11-->src/main/AndroidManifest.xml:5:5-67
11-->src/main/AndroidManifest.xml:5:22-64
12
13    <application
13-->src/main/AndroidManifest.xml:7:5-56:19
14        android:allowBackup="true"
14-->src/main/AndroidManifest.xml:8:9-35
15        android:appComponentFactory="androidx.core.app.CoreComponentFactory"
15-->[androidx.core:core:1.3.2] AndroidManifest.xml:24:18-86
16        android:debuggable="true"
17        android:icon="@mipmap/ic_launcher"
17-->src/main/AndroidManifest.xml:9:9-43
18        android:label="@string/app_name"
18-->src/main/AndroidManifest.xml:10:9-41
19        android:roundIcon="@mipmap/ic_launcher_round"
19-->src/main/AndroidManifest.xml:11:9-54
20        android:supportsRtl="true"
20-->src/main/AndroidManifest.xml:12:9-35
21        android:testOnly="true"
22        android:theme="@style/Theme.AppCompat.Light.NoActionBar" >
22-->src/main/AndroidManifest.xml:13:9-65
23        <activity
23-->src/main/AndroidManifest.xml:14:9-16:40
24            android:name="com.example.smartanimal.AirActivity"
24-->src/main/AndroidManifest.xml:15:13-40
25            android:exported="false" />
25-->src/main/AndroidManifest.xml:16:13-37
26        <activity
26-->src/main/AndroidManifest.xml:17:9-19:40
27            android:name="com.example.smartanimal.RelayActivity"
27-->src/main/AndroidManifest.xml:18:13-42
28            android:exported="false" />
28-->src/main/AndroidManifest.xml:19:13-37
29        <activity
29-->src/main/AndroidManifest.xml:20:9-22:40
30            android:name="com.example.smartanimal.HumidityActivity"
30-->src/main/AndroidManifest.xml:21:13-45
31            android:exported="false" />
31-->src/main/AndroidManifest.xml:22:13-37
32        <activity
32-->src/main/AndroidManifest.xml:23:9-25:40
33            android:name="com.example.smartanimal.TempActivity"
33-->src/main/AndroidManifest.xml:24:13-41
34            android:exported="false" />
34-->src/main/AndroidManifest.xml:25:13-37
35        <activity
35-->src/main/AndroidManifest.xml:26:9-28:40
36            android:name="com.example.smartanimal.DataActivity"
36-->src/main/AndroidManifest.xml:27:13-41
37            android:exported="false" />
37-->src/main/AndroidManifest.xml:28:13-37
38        <activity
38-->src/main/AndroidManifest.xml:29:9-31:40
39            android:name="com.example.smartanimal.ChooseActivity"
39-->src/main/AndroidManifest.xml:30:13-43
40            android:exported="false" />
40-->src/main/AndroidManifest.xml:31:13-37
41        <activity
41-->src/main/AndroidManifest.xml:32:9-34:40
42            android:name="com.example.smartanimal.SignUpActivity"
42-->src/main/AndroidManifest.xml:33:13-43
43            android:exported="false" />
43-->src/main/AndroidManifest.xml:34:13-37
44        <activity
44-->src/main/AndroidManifest.xml:35:9-37:40
45            android:name="com.example.smartanimal.ResourceActivity"
45-->src/main/AndroidManifest.xml:36:13-45
46            android:exported="false" />
46-->src/main/AndroidManifest.xml:37:13-37
47        <activity
47-->src/main/AndroidManifest.xml:38:9-40:40
48            android:name="com.example.smartanimal.HelpActivity"
48-->src/main/AndroidManifest.xml:39:13-41
49            android:exported="false" />
49-->src/main/AndroidManifest.xml:40:13-37
50        <activity
50-->src/main/AndroidManifest.xml:41:9-43:40
51            android:name="com.example.smartanimal.ObjectActivity"
51-->src/main/AndroidManifest.xml:42:13-43
52            android:exported="false" />
52-->src/main/AndroidManifest.xml:43:13-37
53        <activity
53-->src/main/AndroidManifest.xml:44:9-46:40
54            android:name="com.example.smartanimal.LoginActivity"
54-->src/main/AndroidManifest.xml:45:13-42
55            android:exported="false" />
55-->src/main/AndroidManifest.xml:46:13-37
56        <activity
56-->src/main/AndroidManifest.xml:47:9-55:20
57            android:name="com.example.smartanimal.MainActivity"
57-->src/main/AndroidManifest.xml:48:13-41
58            android:exported="true" >
58-->src/main/AndroidManifest.xml:49:13-36
59            <intent-filter>
59-->src/main/AndroidManifest.xml:50:13-54:29
60                <action android:name="android.intent.action.MAIN" />
60-->src/main/AndroidManifest.xml:51:17-69
60-->src/main/AndroidManifest.xml:51:25-66
61
62                <category android:name="android.intent.category.LAUNCHER" />
62-->src/main/AndroidManifest.xml:53:17-77
62-->src/main/AndroidManifest.xml:53:27-74
63            </intent-filter>
64        </activity>
65    </application>
66
67</manifest>